SET_PARAMETER data_sign Signed
SET_PARAMETER num_reload_slots 1
SET_PARAMETER has_aclken false
SET_PARAMETER filter_selection 1
SET_PARAMETER filter_type Decimation
SET_PARAMETER s_data_has_fifo true
SET_PARAMETER channel_sequence Basic
SET_PARAMETER gen_mif_files false
SET_PARAMETER coefficient_file no_coe_file_loaded
SET_PARAMETER s_config_method Single
SET_PARAMETER input_buffer_type Automatic
SET_PARAMETER reload_file no_coe_file_loaded
SET_PARAMETER data_has_tlast Not_Required
SET_PARAMETER preference_for_other_storage Automatic
SET_PARAMETER gui_behaviour Coregen
SET_PARAMETER pattern_list P4-0,P4-1,P4-2,P4-3,P4-4
SET_PARAMETER gen_mif_from_spec false
SET_PARAMETER coefficient_sets 1
SET_PARAMETER number_paths 1
SET_PARAMETER sample_frequency 100
SET_PARAMETER has_aresetn false
SET_PARAMETER interpolation_rate 1
SET_PARAMETER quantization Quantize_Only
SET_PARAMETER m_data_has_tready false
SET_PARAMETER data_width 16
SET_PARAMETER hardwareoversamplingrate 1
SET_PARAMETER s_data_has_tuser Not_Required
SET_PARAMETER coefficient_width 16
SET_PARAMETER s_config_sync_mode On_Vector
SET_PARAMETER clock_frequency 100
SET_PARAMETER coefficient_sign Signed
SET_PARAMETER select_pattern All
SET_PARAMETER coefficientsource Vector
SET_PARAMETER gen_mif_from_coe false
SET_PARAMETER coefficient_buffer_type Automatic
SET_PARAMETER filter_architecture Systolic_Multiply_Accumulate
SET_PARAMETER ratespecification Frequency_Specification
SET_PARAMETER displayreloadorder false
SET_PARAMETER output_width 20
SET_PARAMETER coefficientvector -0.00048828125,0.0,0.00048828125,0.0009765625,0.00244140625,0.00439453125,0.0078125,0.01220703125,0.017578125,0.0234375,0.03076171875,0.0380859375,0.0458984375,0.05322265625,0.0595703125,0.06494140625,0.068359375,0.0703125,0.0703125,0.068359375,0.06494140625,0.0595703125,0.05322265625,0.0458984375,0.0380859375,0.03076171875,0.0234375,0.017578125,0.01220703125,0.0078125,0.00439453125,0.00244140625,0.0009765625,0.00048828125,0.0
SET_PARAMETER passband_max 0.5
SET_PARAMETER stopband_max 1.0
SET_PARAMETER optimization_goal Area
SET_PARAMETER data_buffer_type Automatic
SET_PARAMETER sampleperiod 1
SET_PARAMETER component_name polyDecimator_quant
SET_PARAMETER rate_change_type Integer
SET_PARAMETER m_data_has_tuser Not_Required
SET_PARAMETER coefficient_structure Inferred
SET_PARAMETER columnconfig 9
SET_PARAMETER inter_column_pipe_length 4
SET_PARAMETER number_channels 1
SET_PARAMETER output_buffer_type Automatic
SET_PARAMETER passband_min 0.0
SET_PARAMETER stopband_min 0.5
SET_PARAMETER data_fractional_bits 0
SET_PARAMETER zero_pack_factor 1
SET_PARAMETER reset_data_vector true
SET_PARAMETER coefficient_fractional_bits 18
SET_PARAMETER data_tuser_width 1
SET_PARAMETER multi_column_support Automatic
SET_PARAMETER coefficient_reload true
SET_PARAMETER decimation_rate 4
SET_PARAMETER bestprecision false
SET_PARAMETER output_rounding_mode Truncate_LSBs
SET_ERROR_CODE 2
SET_ERROR_MSG  CANCEL: Customization cancelled.
SET_ERROR_TEXT Finished initializing IP model.	
